Oracle feeder running on port 3001 mode=DEMO tick=60s
[TICK] Attempting index 0...
TICK idx=0 date=2026-01-01 price=5.8507 tx=0xada1472948
[TICK] Attempting index 1...
TICK idx=1 date=2026-01-02 price=6.5269 tx=0x27cc6fdb19
[TICK] Attempting index 2...
TICK idx=2 date=2026-01-03 price=6.4746 tx=0x6d03f54ade
[TICK] Attempting index 3...
TICK idx=3 date=2026-01-04 price=6.2784 tx=0x6406e89027
[TICK] Attempting index 4...
TICK idx=4 date=2026-01-05 price=6.1803 tx=0xa3e13c0858
[TICK] Attempting index 5...
TICK idx=5 date=2026-01-06 price=6.0822 tx=0x545e14b373
[TICK] Attempting index 6...
TICK idx=6 date=2026-01-07 price=6.0168 tx=0x14b2b7d46f
[TICK] Attempting index 7...
TICK idx=7 date=2026-01-08 price=5.9187 tx=0x3dc5c409db
[TICK] Attempting index 8...
TICK idx=8 date=2026-01-09 price=5.8206 tx=0xf486b6c47f
[TICK] Attempting index 9...
TICK idx=9 date=2026-01-10 price=5.7225 tx=0x1acc30c818
[TICK] Attempting index 10...
TICK idx=10 date=2026-01-11 price=5.6244 tx=0xda86dc4f7e
[TICK] Attempting index 11...
TICK idx=11 date=2026-01-12 price=5.559 tx=0x9228ca2ae6
[TICK] Attempting index 12...
TICK idx=12 date=2026-01-13 price=5.4936 tx=0x3982bb0551
[TICK] Attempting index 13...
TICK idx=13 date=2026-01-14 price=5.4282 tx=0xd9c2c11c79
[TICK] Attempting index 14...
Tick error at index 14: getaddrinfo ENOTFOUND eth-rpc-testnet.polkadot.io
[TICK] Attempting index 15...
TICK idx=15 date=2026-01-16 price=5.2974 tx=0xe3d5672a22
[TICK] Attempting index 16...
TICK idx=16 date=2026-01-17 price=5.232 tx=0xe16c1dd1f7
[TICK] Attempting index 17...
TICK idx=17 date=2026-01-18 price=5.1666 tx=0x62cd500a0d
[TICK] Attempting index 18...
TICK idx=18 date=2026-01-19 price=5.1012 tx=0x7c0bce1688
[TICK] Attempting index 19...
TICK idx=19 date=2026-01-20 price=5.0358 tx=0x5b0399f8c3
[TICK] Attempting index 20...
TICK idx=20 date=2026-01-21 price=4.9704 tx=0x6daad7dff1
[TICK] Attempting index 21...
TICK idx=21 date=2026-01-22 price=4.905 tx=0x7829a110b3
[TICK] Attempting index 22...
Tick error at index 22: getaddrinfo ENOTFOUND eth-rpc-testnet.polkadot.io
[TICK] Attempting index 23...
TICK idx=23 date=2026-01-24 price=4.8396 tx=0x53cf6eaa6b
[TICK] Attempting index 24...
TICK idx=24 date=2026-01-25 price=4.8069 tx=0xe2744413b8
[TICK] Attempting index 25...
TICK idx=25 date=2026-01-26 price=4.8396 tx=0x692e3dbeb9
[TICK] Attempting index 26...
Tick error at index 26: could not coalesce error (error={ "code": 1010, "message": "Invalid Transaction" }, payload={ "id": 532, "jsonrpc": "2.0", "method": "eth_sendRawTransaction", "params": [ "0x02f89284190f1b41820375808601d1a94a2000820642941494432a8af6fa8c03c0d7dd7720e298d85c55c780a4f7a30806000000000000000000000000000000000000000000000000000000001d3c6fa0c080a0ebfa80d29d0a76c117ac1f189ad7141fecd257a14ff597692335ac61acb6cbeca0046fda66eb265d1921617737127da2b1bf5f21c0b7a2be507ddc9a303543bb15" ] }, code=UNKNOWN_ERROR, version=6.16.0)
[TICK] Attempting index 27...
TICK idx=27 date=2026-01-28 price=4.9704 tx=0x749ccd87f2
[TICK] Attempting index 28...
TICK idx=28 date=2026-01-29 price=5.0358 tx=0xd18cdcd8ee
[TICK] Attempting index 29...
TICK idx=29 date=2026-01-30 price=5.1012 tx=0x2236ec29aa
[TICK] Attempting index 30...
TICK idx=30 date=2026-01-31 price=5.5152 tx=0xef9280d1f7
[TICK] Attempting index 31...
TICK idx=31 date=2026-02-01 price=5.0489 tx=0x8f36b5578a
[TICK] Attempting index 32...
TICK idx=32 date=2026-02-02 price=4.8945 tx=0xc47451d0a5
[TICK] Attempting index 33...
TICK idx=33 date=2026-02-03 price=5.0453 tx=0x9a36d83136
[TICK] Attempting index 34...
TICK idx=34 date=2026-02-04 price=4.9704 tx=0xacf95fe46d
[TICK] Attempting index 35...
TICK idx=35 date=2026-02-05 price=4.7742 tx=0x7e231ba805
[TICK] Attempting index 36...
TICK idx=36 date=2026-02-06 price=4.7088 tx=0xc26524f527
[TICK] Attempting index 37...
TICK idx=37 date=2026-02-07 price=4.6434 tx=0x0a494f59bd
[TICK] Attempting index 38...
TICK idx=38 date=2026-02-08 price=4.578 tx=0x3856d111dc
[TICK] Attempting index 39...
TICK idx=39 date=2026-02-09 price=4.5126 tx=0xf84312210f
[TICK] Attempting index 40...
TICK idx=40 date=2026-02-10 price=4.4472 tx=0x9b15b02b16
[TICK] Attempting index 41...
TICK idx=41 date=2026-02-11 price=4.3818 tx=0xe4bf7f5577
[TICK] Attempting index 42...
TICK idx=42 date=2026-02-12 price=4.3164 tx=0xe477bcceee
[TICK] Attempting index 43...
TICK idx=43 date=2026-02-13 price=4.1856 tx=0x8d3dd8614c
[TICK] Attempting index 44...
TICK idx=44 date=2026-02-14 price=4.0548 tx=0xfffd6f77a0
[TICK] Attempting index 45...
TICK idx=45 date=2026-02-15 price=3.924 tx=0x7f1d59a869
[TICK] Attempting index 46...
TICK idx=46 date=2026-02-16 price=3.8586 tx=0xbb155a638c
[TICK] Attempting index 47...
TICK idx=47 date=2026-02-17 price=3.7932 tx=0xb40cd1fd26
[TICK] Attempting index 48...
TICK idx=48 date=2026-02-18 price=3.7278 tx=0x6889edcbbc
[TICK] Attempting index 49...
TICK idx=49 date=2026-02-19 price=3.6951 tx=0xfe3b145df3
[TICK] Attempting index 50...
TICK idx=50 date=2026-02-20 price=3.7605 tx=0x6b75baa2d0
[TICK] Attempting index 51...
TICK idx=51 date=2026-02-21 price=3.8586 tx=0x72cdff6925
[TICK] Attempting index 52...
TICK idx=52 date=2026-02-22 price=3.9894 tx=0x7f2fe54dc6
[TICK] Attempting index 53...
TICK idx=53 date=2026-02-23 price=4.1202 tx=0x72dfc4c4e1
[TICK] Attempting index 54...
TICK idx=54 date=2026-02-24 price=4.251 tx=0x9710546bfb
[TICK] Attempting index 55...
TICK idx=55 date=2026-02-25 price=4.0483 tx=0x02c6a829e7
[TICK] Attempting index 56...
TICK idx=56 date=2026-02-26 price=5.4053 tx=0x147135953b
[TICK] Attempting index 57...
TICK idx=57 date=2026-02-27 price=5.281 tx=0x41968cfbc9
[TICK] Attempting index 58...
TICK idx=58 date=2026-02-28 price=5.2255 tx=0x1483e7b131
[TICK] Attempting index 59...
TICK idx=59 date=2026-03-01 price=5.4629 tx=0x0d7768c6fa
[TICK] Attempting index 60...
TICK idx=60 date=2026-03-02 price=5.0263 tx=0x8a82514a5c
[TICK] Attempting index 61...
TICK idx=61 date=2026-03-03 price=4.9351 tx=0x4007a7ac50
[TICK] Attempting index 62...
TICK idx=62 date=2026-03-04 price=5.0047 tx=0x16bd9c06d7
[TICK] Attempting index 0...
TICK idx=63 date=2026-01-01 price=5.8507 tx=0xa362a1ff12
[TICK] Attempting index 1...
TICK idx=64 date=2026-01-02 price=6.5269 tx=0x7cdf48e68b
[TICK] Attempting index 2...
TICK idx=65 date=2026-01-03 price=6.4746 tx=0xe9eac5a88d
[TICK] Attempting index 3...
TICK idx=66 date=2026-01-04 price=6.2784 tx=0xafbec784b2
[TICK] Attempting index 4...
TICK idx=67 date=2026-01-05 price=6.1803 tx=0x07a2bc34a4
[TICK] Attempting index 5...
TICK idx=68 date=2026-01-06 price=6.0822 tx=0x3140d5b3dc
[TICK] Attempting index 6...
TICK idx=69 date=2026-01-07 price=6.0168 tx=0xfb8db34cdd
[TICK] Attempting index 7...
TICK idx=70 date=2026-01-08 price=5.9187 tx=0xb2e5e21e2f
[TICK] Attempting index 8...
TICK idx=71 date=2026-01-09 price=5.8206 tx=0xedf21584cb
[TICK] Attempting index 9...
TICK idx=72 date=2026-01-10 price=5.7225 tx=0x1357b81cb5
[TICK] Attempting index 10...
TICK idx=73 date=2026-01-11 price=5.6244 tx=0xd0bbafb992
[TICK] Attempting index 11...
TICK idx=74 date=2026-01-12 price=5.559 tx=0x76c2e37ec3
[TICK] Attempting index 12...
TICK idx=75 date=2026-01-13 price=5.4936 tx=0x30cbaa67a3
[TICK] Attempting index 13...
TICK idx=76 date=2026-01-14 price=5.4282 tx=0x0b5a87e888
[TICK] Attempting index 14...
TICK idx=77 date=2026-01-15 price=5.3628 tx=0xd2c77b0736
[TICK] Attempting index 15...
TICK idx=78 date=2026-01-16 price=5.2974 tx=0xc77a51d8d7
[TICK] Attempting index 16...
TICK idx=79 date=2026-01-17 price=5.232 tx=0x7be0c0e375
[TICK] Attempting index 17...
TICK idx=80 date=2026-01-18 price=5.1666 tx=0x4f89c89e48
[TICK] Attempting index 18...
TICK idx=81 date=2026-01-19 price=5.1012 tx=0xc1f5af3280
[TICK] Attempting index 19...
TICK idx=82 date=2026-01-20 price=5.0358 tx=0xb4003d463a
[TICK] Attempting index 20...
TICK idx=83 date=2026-01-21 price=4.9704 tx=0xdf285d60c7
[TICK] Attempting index 21...
TICK idx=84 date=2026-01-22 price=4.905 tx=0xbcc068bf36
[TICK] Attempting index 22...
TICK idx=85 date=2026-01-23 price=4.8723 tx=0x9b2ce6b25c
[TICK] Attempting index 23...
TICK idx=86 date=2026-01-24 price=4.8396 tx=0xde61ea779a
[TICK] Attempting index 24...
TICK idx=87 date=2026-01-25 price=4.8069 tx=0xf64e820d32
[TICK] Attempting index 25...
TICK idx=88 date=2026-01-26 price=4.8396 tx=0x932904a486
[TICK] Attempting index 26...
TICK idx=89 date=2026-01-27 price=4.905 tx=0x9689d03030
[TICK] Attempting index 27...
TICK idx=90 date=2026-01-28 price=4.9704 tx=0x090ac026fa
[TICK] Attempting index 28...
TICK idx=91 date=2026-01-29 price=5.0358 tx=0x07a16f7e26
[TICK] Attempting index 29...
TICK idx=92 date=2026-01-30 price=5.1012 tx=0xad4ae38d58
[TICK] Attempting index 30...
TICK idx=93 date=2026-01-31 price=5.5152 tx=0x281c4e3ab6
[TICK] Attempting index 31...
TICK idx=94 date=2026-02-01 price=5.0489 tx=0x39f5aaeed9
[TICK] Attempting index 32...
TICK idx=95 date=2026-02-02 price=4.8945 tx=0x7fccd0290d
[TICK] Attempting index 33...
TICK idx=96 date=2026-02-03 price=5.0453 tx=0x05dd69f5d2
[TICK] Attempting index 34...
TICK idx=97 date=2026-02-04 price=4.9704 tx=0x2d8534467b
[TICK] Attempting index 35...
TICK idx=98 date=2026-02-05 price=4.7742 tx=0x09e9a0094f
[TICK] Attempting index 36...
TICK idx=99 date=2026-02-06 price=4.7088 tx=0xac1ce2f2d5
[TICK] Attempting index 37...
TICK idx=100 date=2026-02-07 price=4.6434 tx=0x4d1d231517
[TICK] Attempting index 38...
TICK idx=101 date=2026-02-08 price=4.578 tx=0xb787f5cd9b
[TICK] Attempting index 39...
TICK idx=102 date=2026-02-09 price=4.5126 tx=0xf4268f3e47
[TICK] Attempting index 40...
TICK idx=103 date=2026-02-10 price=4.4472 tx=0x7d4c85d611
[TICK] Attempting index 41...
TICK idx=104 date=2026-02-11 price=4.3818 tx=0x73781dcef7
[TICK] Attempting index 42...
TICK idx=105 date=2026-02-12 price=4.3164 tx=0x99fbee19ae
[TICK] Attempting index 43...
TICK idx=106 date=2026-02-13 price=4.1856 tx=0x018c3ec5c1
[TICK] Attempting index 44...
TICK idx=107 date=2026-02-14 price=4.0548 tx=0xf09929ba9c
[TICK] Attempting index 45...
TICK idx=108 date=2026-02-15 price=3.924 tx=0xbb05c835ec
[TICK] Attempting index 46...
TICK idx=109 date=2026-02-16 price=3.8586 tx=0xd57ce9946f
[TICK] Attempting index 47...
TICK idx=110 date=2026-02-17 price=3.7932 tx=0x0fabea4051
[TICK] Attempting index 48...
TICK idx=111 date=2026-02-18 price=3.7278 tx=0x413e09dd77
[TICK] Attempting index 49...
TICK idx=112 date=2026-02-19 price=3.6951 tx=0x06008d26fb
[TICK] Attempting index 50...
TICK idx=113 date=2026-02-20 price=3.7605 tx=0xbcf8a1b88a
[TICK] Attempting index 51...
TICK idx=114 date=2026-02-21 price=3.8586 tx=0x184958f3ea
[TICK] Attempting index 52...
Tick error at index 115: getaddrinfo ENOTFOUND eth-rpc-testnet.polkadot.io
[TICK] Attempting index 53...
TICK idx=116 date=2026-02-23 price=4.1202 tx=0x7a4c379cf3
[TICK] Attempting index 54...
TICK idx=117 date=2026-02-24 price=4.251 tx=0xef47c7a52d
[TICK] Attempting index 55...
TICK idx=118 date=2026-02-25 price=4.0483 tx=0x45ee5af77d
[TICK] Attempting index 56...
TICK idx=119 date=2026-02-26 price=5.4053 tx=0x3cdb80a9af
[TICK] Attempting index 57...
TICK idx=120 date=2026-02-27 price=5.281 tx=0x3d111a333b
[TICK] Attempting index 58...
TICK idx=121 date=2026-02-28 price=5.2255 tx=0x87fecfdfc9
[TICK] Attempting index 59...
TICK idx=122 date=2026-03-01 price=5.4629 tx=0x70921361b0
[TICK] Attempting index 60...
TICK idx=123 date=2026-03-02 price=5.0263 tx=0x5efee4c1b6
[TICK] Attempting index 61...
TICK idx=124 date=2026-03-03 price=4.9351 tx=0xee9236db96
[TICK] Attempting index 62...
TICK idx=125 date=2026-03-04 price=5.0047 tx=0xb8cdd941c1
[TICK] Attempting index 0...
TICK idx=126 date=2026-01-01 price=5.8507 tx=0x1da890f58d
[TICK] Attempting index 1...
TICK idx=127 date=2026-01-02 price=6.5269 tx=0x51c6e53392
[TICK] Attempting index 2...
TICK idx=128 date=2026-01-03 price=6.4746 tx=0x78cc825cf1
[TICK] Attempting index 3...
TICK idx=129 date=2026-01-04 price=6.2784 tx=0x8bbf4143ce
[TICK] Attempting index 4...
TICK idx=130 date=2026-01-05 price=6.1803 tx=0x77bbdc08a3
[TICK] Attempting index 5...
TICK idx=131 date=2026-01-06 price=6.0822 tx=0xc18fb23340
[TICK] Attempting index 6...
TICK idx=132 date=2026-01-07 price=6.0168 tx=0xe75540b4ca
[TICK] Attempting index 7...
TICK idx=133 date=2026-01-08 price=5.9187 tx=0x339570be00
[TICK] Attempting index 8...
TICK idx=134 date=2026-01-09 price=5.8206 tx=0x8b5b1dd98f
[TICK] Attempting index 9...
TICK idx=135 date=2026-01-10 price=5.7225 tx=0x2224067b05
[TICK] Attempting index 10...
TICK idx=136 date=2026-01-11 price=5.6244 tx=0xaa0688897e
[TICK] Attempting index 11...
TICK idx=137 date=2026-01-12 price=5.559 tx=0x8a429a24f0
[TICK] Attempting index 12...
TICK idx=138 date=2026-01-13 price=5.4936 tx=0x1b057cf917
[TICK] Attempting index 13...
TICK idx=139 date=2026-01-14 price=5.4282 tx=0x0677a4a447
[TICK] Attempting index 14...
TICK idx=140 date=2026-01-15 price=5.3628 tx=0x5f0991acab
[TICK] Attempting index 15...
TICK idx=141 date=2026-01-16 price=5.2974 tx=0xa23a1dfa1f
[TICK] Attempting index 16...
TICK idx=142 date=2026-01-17 price=5.232 tx=0xd14cdc46be
[TICK] Attempting index 17...
TICK idx=143 date=2026-01-18 price=5.1666 tx=0xbdb91211ac
[TICK] Attempting index 18...
TICK idx=144 date=2026-01-19 price=5.1012 tx=0xae61961163
[TICK] Attempting index 19...
TICK idx=145 date=2026-01-20 price=5.0358 tx=0xe94423a829
[TICK] Attempting index 20...
TICK idx=146 date=2026-01-21 price=4.9704 tx=0x81c34b0fe0
[TICK] Attempting index 21...
TICK idx=147 date=2026-01-22 price=4.905 tx=0xe82a464dfe
[TICK] Attempting index 22...
TICK idx=148 date=2026-01-23 price=4.8723 tx=0xb2f03c1993
[TICK] Attempting index 23...
TICK idx=149 date=2026-01-24 price=4.8396 tx=0xf48bfb7ad6
[TICK] Attempting index 24...
TICK idx=150 date=2026-01-25 price=4.8069 tx=0x75cfb89500
[TICK] Attempting index 25...
TICK idx=151 date=2026-01-26 price=4.8396 tx=0xcea5cd46d9
[TICK] Attempting index 26...
TICK idx=152 date=2026-01-27 price=4.905 tx=0x933aca4583
[TICK] Attempting index 27...
TICK idx=153 date=2026-01-28 price=4.9704 tx=0xb9e2923b1f
[TICK] Attempting index 28...
TICK idx=154 date=2026-01-29 price=5.0358 tx=0x9fcb5b99d0
[TICK] Attempting index 29...
TICK idx=155 date=2026-01-30 price=5.1012 tx=0xc3acdc3126
[TICK] Attempting index 30...
TICK idx=156 date=2026-01-31 price=5.5152 tx=0x8ae71b46ee
[TICK] Attempting index 31...
TICK idx=157 date=2026-02-01 price=5.0489 tx=0xcf89428efd
[TICK] Attempting index 32...
TICK idx=158 date=2026-02-02 price=4.8945 tx=0xc15fe42087
[TICK] Attempting index 33...
TICK idx=159 date=2026-02-03 price=5.0453 tx=0xbdc7deb43c
[TICK] Attempting index 34...
TICK idx=160 date=2026-02-04 price=4.9704 tx=0x10b3d17c3d
[TICK] Attempting index 35...
TICK idx=161 date=2026-02-05 price=4.7742 tx=0x5201223996
[TICK] Attempting index 36...
TICK idx=162 date=2026-02-06 price=4.7088 tx=0xb974360efd
[TICK] Attempting index 37...
TICK idx=163 date=2026-02-07 price=4.6434 tx=0xd2bacede22
[TICK] Attempting index 38...
TICK idx=164 date=2026-02-08 price=4.578 tx=0xabbd0385ec
[TICK] Attempting index 39...
TICK idx=165 date=2026-02-09 price=4.5126 tx=0x440bfc8a1b
[TICK] Attempting index 40...
TICK idx=166 date=2026-02-10 price=4.4472 tx=0x656dbe9f61
[TICK] Attempting index 41...
TICK idx=167 date=2026-02-11 price=4.3818 tx=0x826f700096
[TICK] Attempting index 42...
TICK idx=168 date=2026-02-12 price=4.3164 tx=0x52b946bc9e
[TICK] Attempting index 43...
TICK idx=169 date=2026-02-13 price=4.1856 tx=0x0657daad40
[TICK] Attempting index 44...
TICK idx=170 date=2026-02-14 price=4.0548 tx=0xec85ea58c9
[TICK] Attempting index 45...
TICK idx=171 date=2026-02-15 price=3.924 tx=0x4ad9aa951f
[TICK] Attempting index 46...
TICK idx=172 date=2026-02-16 price=3.8586 tx=0x15fe50555c
[TICK] Attempting index 47...
TICK idx=173 date=2026-02-17 price=3.7932 tx=0x362b0e76a2
[TICK] Attempting index 48...
TICK idx=174 date=2026-02-18 price=3.7278 tx=0xd88656ebf6
[TICK] Attempting index 49...
TICK idx=175 date=2026-02-19 price=3.6951 tx=0x7d6c73fc5d
[TICK] Attempting index 50...
TICK idx=176 date=2026-02-20 price=3.7605 tx=0x174587cf99
[TICK] Attempting index 51...
TICK idx=177 date=2026-02-21 price=3.8586 tx=0x5ed591970a
[TICK] Attempting index 52...
TICK idx=178 date=2026-02-22 price=3.9894 tx=0xcdb23852b4
[TICK] Attempting index 53...
TICK idx=179 date=2026-02-23 price=4.1202 tx=0xe1bd48c120
[TICK] Attempting index 54...
TICK idx=180 date=2026-02-24 price=4.251 tx=0xf6aea7791d
[TICK] Attempting index 55...
TICK idx=181 date=2026-02-25 price=4.0483 tx=0xfa755750aa
[TICK] Attempting index 56...
TICK idx=182 date=2026-02-26 price=5.4053 tx=0xab414db8bb
[TICK] Attempting index 57...
TICK idx=183 date=2026-02-27 price=5.281 tx=0xc1525368eb
[TICK] Attempting index 58...
TICK idx=184 date=2026-02-28 price=5.2255 tx=0x4d42eff947
[TICK] Attempting index 59...
TICK idx=185 date=2026-03-01 price=5.4629 tx=0xd2c01812e1
[TICK] Attempting index 60...
TICK idx=186 date=2026-03-02 price=5.0263 tx=0x93c81d7b3b
[TICK] Attempting index 61...
TICK idx=187 date=2026-03-03 price=4.9351 tx=0xef98956313
[TICK] Attempting index 62...
TICK idx=188 date=2026-03-04 price=5.0047 tx=0x201c6931d9
[TICK] Attempting index 0...
TICK idx=189 date=2026-01-01 price=5.8507 tx=0x3d778f6f7c
